# JRE version: OpenJDK Runtime Environment (16.0.1+9) (build 16.0.1+9-24)
# Java VM: OpenJDK 64-Bit Server VM (16.0.1+9-24, mixed mode, sharing, tiered, compressed oops, compressed class ptrs, g1 gc, linux-amd64)
GC Precious Log:
 CPUs: 8 total, 8 available
 Memory: 7805M
 Large Page Support: Disabled
 NUMA Support: Disabled
 Compressed Oops: Enabled (32-bit)
 Heap Region Size: 1M
 Heap Min Capacity: 8M
 Heap Initial Capacity: 122M
 Heap Max Capacity: 1952M
 Pre-touch: Disabled
 Parallel Workers: 8
 Concurrent Workers: 2
 Concurrent Refinement Workers: 8
 Periodic GC: Disabled
Heap:
 garbage-first heap   total 82944K, used 62556K [0x0000000086000000, 0x0000000100000000)
  region size 1024K, 36 young (36864K), 2 survivors (2048K)
 Metaspace       used 55070K, committed 55552K, reserved 1097728K
  class space    used 7555K, committed 7808K, reserved 1048576K
GC Heap History (20 events):
Event: 0.496 GC heap after
{Heap after GC invocations=2 (full 0):
 garbage-first heap   total 126976K, used 8115K [0x0000000086000000, 0x0000000100000000)
  region size 1024K, 1 young (1024K), 1 survivors (1024K)
 Metaspace       used 6652K, committed 6848K, reserved 1056768K
  class space    used 795K, committed 896K, reserved 1048576K
}
Event: 0.952 GC heap before
{Heap before GC invocations=2 (full 0):
 garbage-first heap   total 126976K, used 80819K [0x0000000086000000, 0x0000000100000000)
  region size 1024K, 73 young (74752K), 1 survivors (1024K)
 Metaspace       used 14832K, committed 15040K, reserved 1064960K
  class space    used 1954K, committed 2048K, reserved 1048576K
}
Event: 0.957 GC heap after
{Heap after GC invocations=3 (full 0):
 garbage-first heap   total 126976K, used 11017K [0x0000000086000000, 0x0000000100000000)
  region size 1024K, 3 young (3072K), 3 survivors (3072K)
 Metaspace       used 14832K, committed 15040K, reserved 1064960K
  class space    used 1954K, committed 2048K, reserved 1048576K
}
Event: 1.488 GC heap before
{Heap before GC invocations=3 (full 0):
 garbage-first heap   total 126976K, used 69385K [0x0000000086000000, 0x0000000100000000)
  region size 1024K, 62 young (63488K), 3 survivors (3072K)
 Metaspace       used 20930K, committed 21248K, reserved 1073152K
  class space    used 2869K, committed 3008K, reserved 1048576K
}
Event: 1.493 GC heap after
{Heap after GC invocations=4 (full 0):
 garbage-first heap   total 126976K, used 14540K [0x0000000086000000, 0x0000000100000000)
  region size 1024K, 7 young (7168K), 7 survivors (7168K)
 Metaspace       used 20930K, committed 21248K, reserved 1073152K
  class space    used 2869K, committed 3008K, reserved 1048576K
}
Event: 1.646 GC heap before
{Heap before GC invocations=5 (full 0):
 garbage-first heap   total 58368K, used 55500K [0x0000000086000000, 0x0000000100000000)
  region size 1024K, 48 young (49152K), 7 survivors (7168K)
 Metaspace       used 23317K, committed 23680K, reserved 1073152K
  class space    used 3194K, committed 3392K, reserved 1048576K
}
Event: 1.650 GC heap after
{Heap after GC invocations=6 (full 0):
 garbage-first heap   total 67584K, used 16263K [0x0000000086000000, 0x0000000100000000)
  region size 1024K, 6 young (6144K), 6 survivors (6144K)
 Metaspace       used 23317K, committed 23680K, reserved 1073152K
  class space    used 3194K, committed 3392K, reserved 1048576K
}
Event: 1.675 GC heap before
{Heap before GC invocations=6 (full 0):
 garbage-first heap   total 67584K, used 48007K [0x0000000086000000, 0x0000000100000000)
  region size 1024K, 38 young (38912K), 6 survivors (6144K)
 Metaspace       used 23747K, committed 24128K, reserved 1073152K
  class space    used 3230K, committed 3392K, reserved 1048576K
}
Event: 1.678 GC heap after
{Heap after GC invocations=7 (full 0):
 garbage-first heap   total 67584K, used 16824K [0x0000000086000000, 0x0000000100000000)
  region size 1024K, 3 young (3072K), 3 survivors (3072K)
 Metaspace       used 23747K, committed 24128K, reserved 1073152K
  class space    used 3230K, committed 3392K, reserved 1048576K
}
Event: 1.743 GC heap before
{Heap before GC invocations=7 (full 0):
 garbage-first heap   total 67584K, used 49592K [0x0000000086000000, 0x0000000100000000)
  region size 1024K, 36 young (36864K), 3 survivors (3072K)
 Metaspace       used 24528K, committed 24896K, reserved 1073152K
  class space    used 3350K, committed 3520K, reserved 1048576K
}
Event: 1.745 GC heap after
{Heap after GC invocations=8 (full 0):
 garbage-first heap   total 135168K, used 16933K [0x0000000086000000, 0x0000000100000000)
  region size 1024K, 3 young (3072K), 3 survivors (3072K)
 Metaspace       used 24528K, committed 24896K, reserved 1073152K
  class space    used 3350K, committed 3520K, reserved 1048576K
}
Event: 2.092 GC heap before
{Heap before GC invocations=8 (full 0):
 garbage-first heap   total 135168K, used 50725K [0x0000000086000000, 0x0000000100000000)
  region size 1024K, 37 young (37888K), 3 survivors (3072K)
 Metaspace       used 35311K, committed 35648K, reserved 1081344K
  class space    used 4837K, committed 4992K, reserved 1048576K
}
Event: 2.096 GC heap after
{Heap after GC invocations=9 (full 0):
 garbage-first heap   total 135168K, used 20236K [0x0000000086000000, 0x0000000100000000)
  region size 1024K, 6 young (6144K), 6 survivors (6144K)
 Metaspace       used 35311K, committed 35648K, reserved 1081344K
  class space    used 4837K, committed 4992K, reserved 1048576K
}
Event: 2.403 GC heap before
{Heap before GC invocations=10 (full 0):
 garbage-first heap   total 78848K, used 71436K [0x0000000086000000, 0x0000000100000000)
  region size 1024K, 57 young (58368K), 6 survivors (6144K)
 Metaspace       used 42717K, committed 43072K, reserved 1089536K
  class space    used 5908K, committed 6080K, reserved 1048576K
}
Event: 2.407 GC heap after
{Heap after GC invocations=11 (full 0):
 garbage-first heap   total 82944K, used 22138K [0x0000000086000000, 0x0000000100000000)
  region size 1024K, 6 young (6144K), 6 survivors (6144K)
 Metaspace       used 42717K, committed 43072K, reserved 1089536K
  class space    used 5908K, committed 6080K, reserved 1048576K
}
Event: 2.741 GC heap before
{Heap before GC invocations=12 (full 0):
 garbage-first heap   total 82944K, used 63098K [0x0000000086000000, 0x0000000100000000)
  region size 1024K, 46 young (47104K), 6 survivors (6144K)
 Metaspace       used 48095K, committed 48512K, reserved 1097728K
  class space    used 6628K, committed 6848K, reserved 1048576K
}
Event: 2.745 GC heap after
{Heap after GC invocations=13 (full 0):
 garbage-first heap   total 82944K, used 25152K [0x0000000086000000, 0x0000000100000000)
  region size 1024K, 5 young (5120K), 5 survivors (5120K)
 Metaspace       used 48095K, committed 48512K, reserved 1097728K
  class space    used 6628K, committed 6848K, reserved 1048576K
}
Event: 3.031 GC heap before
{Heap before GC invocations=13 (full 0):
 garbage-first heap   total 82944K, used 63040K [0x0000000086000000, 0x0000000100000000)
  region size 1024K, 42 young (43008K), 5 survivors (5120K)
 Metaspace       used 50970K, committed 51392K, reserved 1097728K
  class space    used 7038K, committed 7232K, reserved 1048576K
}
Event: 3.036 GC heap after
{Heap after GC invocations=14 (full 0):
 garbage-first heap   total 82944K, used 27740K [0x0000000086000000, 0x0000000100000000)
  region size 1024K, 6 young (6144K), 6 survivors (6144K)
 Metaspace       used 50970K, committed 51392K, reserved 1097728K
  class space    used 7038K, committed 7232K, reserved 1048576K
}
Event: 590.746 GC heap before
{Heap before GC invocations=14 (full 0):
 garbage-first heap   total 82944K, used 61532K [0x0000000086000000, 0x0000000100000000)
  region size 1024K, 40 young (40960K), 6 survivors (6144K)
 Metaspace       used 55070K, committed 55552K, reserved 1097728K
  class space    used 7555K, committed 7808K, reserved 1048576K
}

