# JRE version: OpenJDK Runtime Environment (16.0.1+9) (build 16.0.1+9-24)
# Java VM: OpenJDK 64-Bit Server VM (16.0.1+9-24, mixed mode, sharing, tiered, compressed oops, compressed class ptrs, g1 gc, linux-amd64)
GC Precious Log:
 CPUs: 8 total, 8 available
 Memory: 7805M
 Large Page Support: Disabled
 NUMA Support: Disabled
 Compressed Oops: Enabled (32-bit)
 Heap Region Size: 1M
 Heap Min Capacity: 8M
 Heap Initial Capacity: 122M
 Heap Max Capacity: 1952M
 Pre-touch: Disabled
 Parallel Workers: 8
 Concurrent Workers: 2
 Concurrent Refinement Workers: 8
 Periodic GC: Disabled
Heap:
 garbage-first heap   total 117760K, used 96412K [0x0000000086000000, 0x0000000100000000)
  region size 1024K, 68 young (69632K), 2 survivors (2048K)
 Metaspace       used 56489K, committed 56960K, reserved 1105920K
  class space    used 7655K, committed 7872K, reserved 1048576K
GC Heap History (20 events):
Event: 32540.606 GC heap after
{Heap after GC invocations=33 (full 0):
 garbage-first heap   total 117760K, used 29462K [0x0000000086000000, 0x0000000100000000)
  region size 1024K, 2 young (2048K), 2 survivors (2048K)
 Metaspace       used 55915K, committed 56448K, reserved 1097728K
  class space    used 7568K, committed 7808K, reserved 1048576K
}
Event: 34267.584 GC heap before
{Heap before GC invocations=33 (full 0):
 garbage-first heap   total 117760K, used 98070K [0x0000000086000000, 0x0000000100000000)
  region size 1024K, 69 young (70656K), 2 survivors (2048K)
 Metaspace       used 55915K, committed 56448K, reserved 1097728K
  class space    used 7568K, committed 7808K, reserved 1048576K
}
Event: 34267.595 GC heap after
{Heap after GC invocations=34 (full 0):
 garbage-first heap   total 117760K, used 29475K [0x0000000086000000, 0x0000000100000000)
  region size 1024K, 2 young (2048K), 2 survivors (2048K)
 Metaspace       used 55915K, committed 56448K, reserved 1097728K
  class space    used 7568K, committed 7808K, reserved 1048576K
}
Event: 36037.758 GC heap before
{Heap before GC invocations=34 (full 0):
 garbage-first heap   total 117760K, used 98083K [0x0000000086000000, 0x0000000100000000)
  region size 1024K, 69 young (70656K), 2 survivors (2048K)
 Metaspace       used 55916K, committed 56448K, reserved 1097728K
  class space    used 7568K, committed 7808K, reserved 1048576K
}
Event: 36037.767 GC heap after
{Heap after GC invocations=35 (full 0):
 garbage-first heap   total 117760K, used 29506K [0x0000000086000000, 0x0000000100000000)
  region size 1024K, 2 young (2048K), 2 survivors (2048K)
 Metaspace       used 55916K, committed 56448K, reserved 1097728K
  class space    used 7568K, committed 7808K, reserved 1048576K
}
Event: 37688.888 GC heap before
{Heap before GC invocations=35 (full 0):
 garbage-first heap   total 117760K, used 98114K [0x0000000086000000, 0x0000000100000000)
  region size 1024K, 69 young (70656K), 2 survivors (2048K)
 Metaspace       used 56036K, committed 56512K, reserved 1097728K
  class space    used 7585K, committed 7808K, reserved 1048576K
}
Event: 37688.898 GC heap after
{Heap after GC invocations=36 (full 0):
 garbage-first heap   total 117760K, used 29516K [0x0000000086000000, 0x0000000100000000)
  region size 1024K, 2 young (2048K), 2 survivors (2048K)
 Metaspace       used 56036K, committed 56512K, reserved 1097728K
  class space    used 7585K, committed 7808K, reserved 1048576K
}
Event: 39521.585 GC heap before
{Heap before GC invocations=36 (full 0):
 garbage-first heap   total 117760K, used 98124K [0x0000000086000000, 0x0000000100000000)
  region size 1024K, 69 young (70656K), 2 survivors (2048K)
 Metaspace       used 56036K, committed 56512K, reserved 1097728K
  class space    used 7585K, committed 7808K, reserved 1048576K
}
Event: 39521.596 GC heap after
{Heap after GC invocations=37 (full 0):
 garbage-first heap   total 117760K, used 29470K [0x0000000086000000, 0x0000000100000000)
  region size 1024K, 2 young (2048K), 2 survivors (2048K)
 Metaspace       used 56036K, committed 56512K, reserved 1097728K
  class space    used 7585K, committed 7808K, reserved 1048576K
}
Event: 41311.264 GC heap before
{Heap before GC invocations=37 (full 0):
 garbage-first heap   total 117760K, used 98078K [0x0000000086000000, 0x0000000100000000)
  region size 1024K, 69 young (70656K), 2 survivors (2048K)
 Metaspace       used 56038K, committed 56512K, reserved 1097728K
  class space    used 7585K, committed 7808K, reserved 1048576K
}
Event: 41311.273 GC heap after
{Heap after GC invocations=38 (full 0):
 garbage-first heap   total 117760K, used 29511K [0x0000000086000000, 0x0000000100000000)
  region size 1024K, 2 young (2048K), 2 survivors (2048K)
 Metaspace       used 56038K, committed 56512K, reserved 1097728K
  class space    used 7585K, committed 7808K, reserved 1048576K
}
Event: 43149.168 GC heap before
{Heap before GC invocations=38 (full 0):
 garbage-first heap   total 117760K, used 98119K [0x0000000086000000, 0x0000000100000000)
  region size 1024K, 69 young (70656K), 2 survivors (2048K)
 Metaspace       used 56038K, committed 56512K, reserved 1097728K
  class space    used 7585K, committed 7808K, reserved 1048576K
}
Event: 43149.175 GC heap after
{Heap after GC invocations=39 (full 0):
 garbage-first heap   total 117760K, used 29479K [0x0000000086000000, 0x0000000100000000)
  region size 1024K, 2 young (2048K), 2 survivors (2048K)
 Metaspace       used 56038K, committed 56512K, reserved 1097728K
  class space    used 7585K, committed 7808K, reserved 1048576K
}
Event: 44846.719 GC heap before
{Heap before GC invocations=39 (full 0):
 garbage-first heap   total 117760K, used 98087K [0x0000000086000000, 0x0000000100000000)
  region size 1024K, 69 young (70656K), 2 survivors (2048K)
 Metaspace       used 56255K, committed 56832K, reserved 1105920K
  class space    used 7609K, committed 7872K, reserved 1048576K
}
Event: 44846.729 GC heap after
{Heap after GC invocations=40 (full 0):
 garbage-first heap   total 117760K, used 29613K [0x0000000086000000, 0x0000000100000000)
  region size 1024K, 2 young (2048K), 2 survivors (2048K)
 Metaspace       used 56255K, committed 56832K, reserved 1105920K
  class space    used 7609K, committed 7872K, reserved 1048576K
}
Event: 46500.584 GC heap before
{Heap before GC invocations=40 (full 0):
 garbage-first heap   total 117760K, used 97197K [0x0000000086000000, 0x0000000100000000)
  region size 1024K, 69 young (70656K), 2 survivors (2048K)
 Metaspace       used 56348K, committed 56896K, reserved 1105920K
  class space    used 7624K, committed 7872K, reserved 1048576K
}
Event: 46500.593 GC heap after
{Heap after GC invocations=41 (full 0):
 garbage-first heap   total 117760K, used 29652K [0x0000000086000000, 0x0000000100000000)
  region size 1024K, 2 young (2048K), 2 survivors (2048K)
 Metaspace       used 56348K, committed 56896K, reserved 1105920K
  class space    used 7624K, committed 7872K, reserved 1048576K
}
Event: 48349.432 GC heap before
{Heap before GC invocations=41 (full 0):
 garbage-first heap   total 117760K, used 98260K [0x0000000086000000, 0x0000000100000000)
  region size 1024K, 69 young (70656K), 2 survivors (2048K)
 Metaspace       used 56348K, committed 56896K, reserved 1105920K
  class space    used 7624K, committed 7872K, reserved 1048576K
}
Event: 48349.440 GC heap after
{Heap after GC invocations=42 (full 0):
 garbage-first heap   total 117760K, used 29621K [0x0000000086000000, 0x0000000100000000)
  region size 1024K, 2 young (2048K), 2 survivors (2048K)
 Metaspace       used 56348K, committed 56896K, reserved 1105920K
  class space    used 7624K, committed 7872K, reserved 1048576K
}
Event: 49871.512 GC heap before
{Heap before GC invocations=42 (full 0):
 garbage-first heap   total 117760K, used 96181K [0x0000000086000000, 0x0000000100000000)
  region size 1024K, 68 young (69632K), 2 survivors (2048K)
 Metaspace       used 56489K, committed 56960K, reserved 1105920K
  class space    used 7655K, committed 7872K, reserved 1048576K
}

